2024-09-16 22:35:56 0 [Note] Starting MariaDB 10.4.32-MariaDB source revision c4143f909528e3fab0677a28631d10389354c491 as process 12920
2024-09-16 22:35:56 0 [Note] InnoDB: Mutexes and rw_locks use Windows interlocked functions
2024-09-16 22:35:56 0 [Note] InnoDB: Uses event mutexes
2024-09-16 22:35:56 0 [Note] InnoDB: Compressed tables use zlib 1.3
2024-09-16 22:35:56 0 [Note] InnoDB: Number of pools: 1
2024-09-16 22:35:56 0 [Note] InnoDB: Using SSE2 crc32 instructions
2024-09-16 22:35:56 0 [Note] InnoDB: Initializing buffer pool, total size = 16M, instances = 1, chunk size = 16M
2024-09-16 22:35:56 0 [Note] InnoDB: Completed initialization of buffer pool
2024-09-16 22:35:56 0 [Note] InnoDB: Starting crash recovery from checkpoint LSN=300288
2024-09-16 22:35:56 0 [Warning] InnoDB: Are you sure you are using the right ib_logfiles to start up the database? Log sequence number in the ib_logfiles is 300288, less than the log sequence number in the first system tablespace file header, 300396.
2024-09-16 22:35:56 0 [Warning] InnoDB: Ignoring a doublewrite copy of page [page id: space=0, page number=194] with future log sequence number 300876
2024-09-16 22:35:56 0 [Warning] InnoDB: Ignoring a doublewrite copy of page [page id: space=16, page number=3] with future log sequence number 300896
2024-09-16 22:35:56 0 [Warning] InnoDB: Ignoring a doublewrite copy of page [page id: space=0, page number=331] with future log sequence number 300876
2024-09-16 22:35:56 0 [ERROR] InnoDB: Page [page id: space=0, page number=193] log sequence number 300655 is in the future! Current system log sequence number 300306.
2024-09-16 22:35:56 0 [ERROR] InnoDB: Your database may be corrupt or you may have copied the InnoDB tablespace but not the InnoDB log files. Please refer to https://mariadb.com/kb/en/library/innodb-recovery-modes/ for information about forcing recovery.
2024-09-16 22:35:56 0 [ERROR] InnoDB: Page [page id: space=0, page number=330] log sequence number 300655 is in the future! Current system log sequence number 300306.
2024-09-16 22:35:56 0 [ERROR] InnoDB: Your database may be corrupt or you may have copied the InnoDB tablespace but not the InnoDB log files. Please refer to https://mariadb.com/kb/en/library/innodb-recovery-modes/ for information about forcing recovery.
2024-09-16 22:35:56 0 [ERROR] InnoDB: Page [page id: space=0, page number=194] log sequence number 300876 is in the future! Current system log sequence number 300306.
2024-09-16 22:35:56 0 [ERROR] InnoDB: Your database may be corrupt or you may have copied the InnoDB tablespace but not the InnoDB log files. Please refer to https://mariadb.com/kb/en/library/innodb-recovery-modes/ for information about forcing recovery.
2024-09-16 22:35:56 0 [ERROR] InnoDB: Page [page id: space=0, page number=331] log sequence number 300876 is in the future! Current system log sequence number 300306.
2024-09-16 22:35:56 0 [ERROR] InnoDB: Your database may be corrupt or you may have copied the InnoDB tablespace but not the InnoDB log files. Please refer to https://mariadb.com/kb/en/library/innodb-recovery-modes/ for information about forcing recovery.
2024-09-16 22:35:56 0 [Note] InnoDB: 128 out of 128 rollback segments are active.
2024-09-16 22:35:56 0 [Note] InnoDB: Removed temporary tablespace data file: "ibtmp1"
2024-09-16 22:35:56 0 [Note] InnoDB: Creating shared tablespace for temporary tables
2024-09-16 22:35:56 0 [Note] InnoDB: Setting file 'C:\xampp\mysql\data\ibtmp1' size to 12 MB. Physically writing the file full; Please wait ...
2024-09-16 22:35:56 0 [Note] InnoDB: File 'C:\xampp\mysql\data\ibtmp1' size is now 12 MB.
2024-09-16 22:35:56 0 [Note] InnoDB: Waiting for purge to start
2024-09-16 22:35:56 0 [Note] InnoDB: 10.4.32 started; log sequence number 300297; transaction id 195
2024-09-16 22:35:56 0 [Note] Plugin 'FEEDBACK' is disabled.
2024-09-16 22:35:56 0 [Note] InnoDB: Loading buffer pool(s) from C:\xampp\mysql\data\ib_buffer_pool
2024-09-16 22:35:56 0 [Note] Server socket created on IP: '::'.
2024-09-16 22:35:56 0 [Note] InnoDB: Buffer pool(s2024-09-19 21:49:57 0 [Note] Starting MariaDB 10.4.32-MariaDB source revision c4143f909528e3fab0677a28631d10389354c491 as process 17260
2024-09-19 21:49:57 0 [Note] InnoDB: Mutexes and rw_locks use Windows interlocked functions
2024-09-19 21:49:57 0 [Note] InnoDB: Uses event mutexes
2024-09-19 21:49:57 0 [Note] InnoDB: Compressed tables use zlib 1.3
2024-09-19 21:49:57 0 [Note] InnoDB: Number of pools: 1
2024-09-19 21:49:57 0 [Note] InnoDB: Using SSE2 crc32 instructions
2024-09-19 21:49:57 0 [Note] InnoDB: Initializing buffer pool, total size = 16M, instances = 1, chunk size = 16M
2024-09-19 21:49:57 0 [Note] InnoDB: Completed initialization of buffer pool
2024-09-19 21:49:57 0 [Note] InnoDB: Starting crash recovery from checkpoint LSN=300945
2024-09-19 21:49:57 0 [Note] InnoDB: 128 out of 128 rollback segments are active.
2024-09-19 21:49:57 0 [Note] InnoDB: Removed temporary tablespace data file: "ibtmp1"
2024-09-19 21:49:57 0 [Note] InnoDB: Creating shared tablespace for temporary tables
2024-09-19 21:49:57 0 [Note] InnoDB: Setting file 'C:\xampp\mysql\data\ibtmp1' size to 12 MB. Physically writing the file full; Please wait ...
2024-09-19 21:49:57 0 [Note] InnoDB: File 'C:\xampp\mysql\data\ibtmp1' size is now 12 MB.
2024-09-19 21:49:57 0 [Note] InnoDB: Waiting for purge to start
2024-09-19 21:49:57 0 [Note] InnoDB: 10.4.32 started; log sequence number 300954; transaction id 220
2024-09-19 21:49:57 0 [Note] Plugin 'FEEDBACK' is disabled.
2024-09-19 21:49:57 0 [Note] InnoDB: Loading buffer pool(s) from C:\xampp\mysql\data\ib_buffer_pool
2024-09-19 21:49:57 0 [Note] Server socket created on IP: '::'.
2024-09-19 21:49:57 0 [Note] InnoDB: Buffer pool(s) load compl2024-09-20  2:00:02 0 [Note] Starting MariaDB 10.4.32-MariaDB source revision c4143f909528e3fab0677a28631d10389354c491 as process 8604
2024-09-20  2:00:02 0 [Note] InnoDB: Mutexes and rw_locks use Windows interlocked functions
2024-09-20  2:00:02 0 [Note] InnoDB: Uses event mutexes
2024-09-20  2:00:02 0 [Note] InnoDB: Compressed tables use zlib 1.3
2024-09-20  2:00:02 0 [Note] InnoDB: Number of pools: 1
2024-09-20  2:00:02 0 [Note] InnoDB: Using SSE2 crc32 instructions
2024-09-20  2:00:02 0 [Note] InnoDB: Initializing buffer pool, total size = 16M, instances = 1, chunk size = 16M
2024-09-20  2:00:02 0 [Note] InnoDB: Completed initialization of buffer pool
2024-09-20  2:00:02 0 [Note] InnoDB: Starting crash recovery from checkpoint LSN=300963
2024-09-20  2:00:02 0 [Note] InnoDB: 128 out of 128 rollback segments are active.
2024-09-20  2:00:02 0 [Note] InnoDB: Removed temporary tablespace data file: "ibtmp1"
2024-09-20  2:00:02 0 [Note] InnoDB: Creating shared tablespace for temporary tables
2024-09-20  2:00:02 0 [Note] InnoDB: Setting file 'C:\xampp\mysql\data\ibtmp1' size to 12 MB. Physically writing the file full; Please wait ...
2024-09-20  2:00:02 0 [Note] InnoDB: File 'C:\xampp\mysql\data\ibtmp1' size is now 12 MB.
2024-09-20  2:00:02 0 [Note] InnoDB: Waiting for purge to start
2024-09-20  2:00:02 0 [Note] InnoDB: 10.4.32 started; log sequence number 300972; transaction id 220
2024-09-20  2:00:02 0 [Note] InnoDB: Loading buffer pool(s) from C:\xampp\mysql\data\ib_buffer_pool
2024-09-20  2:00:02 0 [Note] Plugin 'FEEDBACK' is disabled.
2024-09-20  2:00:02 0 [Note] Server socket created on IP: '::'.
2024-09-20  2:00:02 0 [Note] InnoDB: Buffer pool(s) load comple2024-09-20  2:00:09 0 [Note] Starting MariaDB 10.4.32-MariaDB source revision c4143f909528e3fab0677a28631d10389354c491 as process 15444
2024-09-20  2:00:09 0 [Note] InnoDB: Mutexes and rw_locks use Windows interlocked functions
2024-09-20  2:00:09 0 [Note] InnoDB: Uses event mutexes
2024-09-20  2:00:09 0 [Note] InnoDB: Compressed tables use zlib 1.3
2024-09-20  2:00:09 0 [Note] InnoDB: Number of pools: 1
2024-09-20  2:00:09 0 [Note] InnoDB: Using SSE2 crc32 instructions
2024-09-20  2:00:09 0 [Note] InnoDB: Initializing buffer pool, total size = 16M, instances = 1, chunk size = 16M
2024-09-20  2:00:09 0 [Note] InnoDB: Completed initialization of buffer pool
2024-09-20  2:00:09 0 [Note] InnoDB: Starting crash recovery from checkpoint LSN=300963
2024-09-20  2:00:09 0 [Note] InnoDB: 128 out of 128 rollback segments are active.
2024-09-20  2:00:09 0 [Note] InnoDB: Removed temporary tablespace data file: "ibtmp1"
2024-09-20  2:00:09 0 [Note] InnoDB: Creating shared tablespace for temporary tables
2024-09-20  2:00:09 0 [Note] InnoDB: Setting file 'C:\xampp\mysql\data\ibtmp1' size to 12 MB. Physically writing the file full; Please wait ...
2024-09-20  2:00:09 0 [Note] InnoDB: File 'C:\xampp\mysql\data\ibtmp1' size is now 12 MB.
2024-09-20  2:00:09 0 [Note] InnoDB: Waiting for purge to start
2024-09-20  2:00:09 0 [Note] InnoDB: 10.4.32 started; log sequence number 300972; transaction id 220
2024-09-20  2:00:09 0 [Note] InnoDB: Loading buffer pool(s) from C:\xampp\mysql\data\ib_buffer_pool
2024-09-20  2:00:09 0 [Note] Plugin 'FEEDBACK' is disabled.
2024-09-20  2:00:09 0 [Note] Server socket created on IP: '::'.
2024-09-20 15:57:16 0 [Note] Starting MariaDB 10.4.32-MariaDB source revision c4143f909528e3fab0677a28631d10389354c491 as process 3272
2024-09-20 15:57:16 0 [Note] InnoDB: Mutexes and rw_locks use Windows interlocked functions
2024-09-20 15:57:16 0 [Note] InnoDB: Uses event mutexes
2024-09-20 15:57:16 0 [Note] InnoDB: Compressed tables use zlib 1.3
2024-09-20 15:57:16 0 [Note] InnoDB: Number of pools: 1
2024-09-20 15:57:16 0 [Note] InnoDB: Using SSE2 crc32 instructions
2024-09-20 15:57:16 0 [Note] InnoDB: Initializing buffer pool, total size = 16M, instances = 1, chunk size = 16M
2024-09-20 15:57:16 0 [Note] InnoDB: Completed initialization of buffer pool
2024-09-20 15:57:16 0 [Note] InnoDB: Starting crash recovery from checkpoint LSN=300981
2024-09-20 15:57:16 0 [Note] InnoDB: 128 out of 128 rollback segments are active.
2024-09-20 15:57:16 0 [Note] InnoDB: Removed temporary tablespace data file: "ibtmp1"
2024-09-20 15:57:16 0 [Note] InnoDB: Creating shared tablespace for temporary tables
2024-09-20 15:57:16 0 [Note] InnoDB: Setting file 'C:\xampp\mysql\data\ibtmp1' size to 12 MB. Physically writing the file full; Please wait ...
2024-09-20 15:57:16 0 [Note] InnoDB: File 'C:\xampp\mysql\data\ibtmp1' size is now 12 MB.
2024-09-20 15:57:16 0 [Note] InnoDB: Waiting for purge to start
2024-09-20 15:57:16 0 [Note] InnoDB: 10.4.32 started; log sequence number 300990; transaction id 220
2024-09-20 15:57:16 0 [Note] InnoDB: Loading buffer pool(s) from C:\xampp\mysql\data\ib_buffer_pool
2024-09-20 15:57:16 0 [Note] Plugin 'FEEDBACK' is disabled.
2024-09-20 15:57:16 0 [Note] InnoDB: Buffer pool(s) load completed at 240920 15:57:16
2024-09-20 15:57:16 0 [Note] Server socket created on IP: '::'.
2024-09-21 16:03:47 0 [Note] Starting MariaDB 10.4.32-MariaDB source revision c4143f909528e3fab0677a28631d10389354c491 as process 27756
2024-09-21 16:03:47 0 [Note] InnoDB: Mutexes and rw_locks use Windows interlocked functions
2024-09-21 16:03:47 0 [Note] InnoDB: Uses event mutexes
2024-09-21 16:03:47 0 [Note] InnoDB: Compressed tables use zlib 1.3
2024-09-21 16:03:47 0 [Note] InnoDB: Number of pools: 1
2024-09-21 16:03:47 0 [Note] InnoDB: Using SSE2 crc32 instructions
2024-09-21 16:03:47 0 [Note] InnoDB: Initializing buffer pool, total size = 16M, instances = 1, chunk size = 16M
2024-09-21 16:03:47 0 [Note] InnoDB: Completed initialization of buffer pool
2024-09-21 16:03:47 0 [Note] InnoDB: Starting crash recovery from checkpoint LSN=300999
2024-09-21 16:03:47 0 [Note] InnoDB: 128 out of 128 rollback segments are active.
2024-09-21 16:03:47 0 [Note] InnoDB: Removed temporary tablespace data file: "ibtmp1"
2024-09-21 16:03:47 0 [Note] InnoDB: Creating shared tablespace for temporary tables
2024-09-21 16:03:47 0 [Note] InnoDB: Setting file 'C:\xampp\mysql\data\ibtmp1' size to 12 MB. Physically writing the file full; Please wait ...
2024-09-21 16:03:47 0 [Note] InnoDB: File 'C:\xampp\mysql\data\ibtmp1' size is now 12 MB.
2024-09-21 16:03:47 0 [Note] InnoDB: Waiting for purge to start
2024-09-21 16:03:47 0 [Note] InnoDB: 10.4.32 started; log sequence number 301008; transaction id 220
2024-09-21 16:03:47 0 [Note] InnoDB: Loading buffer pool(s) from C:\xampp\mysql\data\ib_buffer_pool
2024-09-21 16:03:47 0 [Note] Plugin 'FEEDBACK' is disabled.
2024-09-21 16:03:47 0 [Note] Server socket created on IP: '::'.
2024-09-21 16:03:47 0 [Note] InnoDB: Buffer pool(s) load com2024-09-21 19:44:01 0 [Note] Starting MariaDB 10.4.32-MariaDB source revision c4143f909528e3fab0677a28631d10389354c491 as process 22632
2024-09-21 19:44:01 0 [Note] InnoDB: Mutexes and rw_locks use Windows interlocked functions
2024-09-21 19:44:01 0 [Note] InnoDB: Uses event mutexes
2024-09-21 19:44:01 0 [Note] InnoDB: Compressed tables use zlib 1.3
2024-09-21 19:44:01 0 [Note] InnoDB: Number of pools: 1
2024-09-21 19:44:01 0 [Note] InnoDB: Using SSE2 crc32 instructions
2024-09-21 19:44:01 0 [Note] InnoDB: Initializing buffer pool, total size = 16M, instances = 1, chunk size = 16M
2024-09-21 19:44:01 0 [Note] InnoDB: Completed initialization of buffer pool
2024-09-21 19:44:01 0 [Note] InnoDB: Starting crash recovery from checkpoint LSN=334114
2024-09-21 19:44:01 0 [Note] InnoDB: 128 out of 128 rollback segments are active.
2024-09-21 19:44:01 0 [Note] InnoDB: Removed temporary tablespace data file: "ibtmp1"
2024-09-21 19:44:01 0 [Note] InnoDB: Creating shared tablespace for temporary tables
2024-09-21 19:44:01 0 [Note] InnoDB: Setting file 'C:\xampp\mysql\data\ibtmp1' size to 12 MB. Physically writing the file full; Please wait ...
2024-09-21 19:44:01 0 [Note] InnoDB: File 'C:\xampp\mysql\data\ibtmp1' size is now 12 MB.
2024-09-21 19:44:01 0 [Note] InnoDB: Waiting for purge to start
2024-09-21 19:44:01 0 [Note] InnoDB: 10.4.32 started; log sequence number 334123; transaction id 323
2024-09-21 19:44:01 0 [Note] InnoDB: Loading buffer pool(s) from C:\xampp\mysql\data\ib_buffer_pool
2024-09-21 19:44:01 0 [Note] Plugin 'FEEDBACK' is disabled.
2024-09-21 19:44:01 0 [Note] Server socket created on IP: '::'.
2024-09-21 19:44:01 0 [Note] InnoDB: Buffer pool(s) load comple2024-09-21 19:56:09 0 [Note] Starting MariaDB 10.4.32-MariaDB source revision c4143f909528e3fab0677a28631d10389354c491 as process 22740
2024-09-21 19:56:09 0 [Note] InnoDB: Mutexes and rw_locks use Windows interlocked functions
2024-09-21 19:56:09 0 [Note] InnoDB: Uses event mutexes
2024-09-21 19:56:09 0 [Note] InnoDB: Compressed tables use zlib 1.3
2024-09-21 19:56:09 0 [Note] InnoDB: Number of pools: 1
2024-09-21 19:56:09 0 [Note] InnoDB: Using SSE2 crc32 instructions
2024-09-21 19:56:09 0 [Note] InnoDB: Initializing buffer pool, total size = 16M, instances = 1, chunk size = 16M
2024-09-21 19:56:09 0 [Note] InnoDB: Completed initialization of buffer pool
2024-09-21 19:56:09 0 [Note] InnoDB: Starting crash recovery from checkpoint LSN=340464
2024-09-21 19:56:09 0 [Note] InnoDB: Starting final batch to recover 12 pages from redo log.
2024-09-21 19:56:10 0 [Note] InnoDB: 128 out of 128 rollback segments are active.
2024-09-21 19:56:10 0 [Note] InnoDB: Removed temporary tablespace data file: "ibtmp1"
2024-09-21 19:56:10 0 [Note] InnoDB: Creating shared tablespace for temporary tables
2024-09-21 19:56:10 0 [Note] InnoDB: Setting file 'C:\xampp\mysql\data\ibtmp1' size to 12 MB. Physically writing the file full; Please wait ...
2024-09-21 19:56:10 0 [Note] InnoDB: File 'C:\xampp\mysql\data\ibtmp1' size is now 12 MB.
2024-09-21 19:56:10 0 [Note] InnoDB: Waiting for purge to start
2024-09-21 19:56:10 0 [Note] InnoDB: 10.4.32 started; log sequence number 342228; transaction id 383
2024-09-21 19:56:10 0 [Note] InnoDB: Loading buffer pool(s) from C:\xampp\mysql\data\ib_buffer_pool
2024-09-21 19:56:10 0 [Note] Plugin 'FEEDBACK' is disabled.
2024-09-21 19:56:10 0 [Note] InnoDB: Buffer pool(s) load completed at 240921 19:56:10
2024-09-21 19:56:10 0 [Note] Server socket created on IP: '::'.
2024-09-21 20:20:24 0 [Note] Starting MariaDB 10.4.32-MariaDB source revision c4143f909528e3fab0677a28631d10389354c491 as process 10648
2024-09-21 20:20:24 0 [Note] InnoDB: Mutexes and rw_locks use Windows interlocked functions
2024-09-21 20:20:24 0 [Note] InnoDB: Uses event mutexes
2024-09-21 20:20:24 0 [Note] InnoDB: Compressed tables use zlib 1.3
2024-09-21 20:20:24 0 [Note] InnoDB: Number of pools: 1
2024-09-21 20:20:24 0 [Note] InnoDB: Using SSE2 crc32 instructions
2024-09-21 20:20:24 0 [Note] InnoDB: Initializing buffer pool, total size = 16M, instances = 1, chunk size = 16M
2024-09-21 20:20:24 0 [Note] InnoDB: Completed initialization of buffer pool
2024-09-21 20:20:24 0 [Note] InnoDB: Starting crash recovery from checkpoint LSN=335152
2024-09-21 20:20:24 0 [ERROR] InnoDB: Tablespace 28 was not found at .\chapter3\users.ibd.
2024-09-21 20:20:24 0 [ERROR] InnoDB: Set innodb_force_recovery=1 to ignore this and to permanently lose all changes to the tablespace.
2024-09-21 20:20:24 0 [ERROR] InnoDB: Plugin initialization aborted with error Tablespace not found
2024-09-21 20:20:25 0 [Note] InnoDB: Starting shutdown...
2024-09-21 20:20:25 0 [ERROR] Plugin 'InnoDB' registration as a STORAGE ENGINE failed.
2024-09-21 20:20:25 0 [Note] Plugin 'FEEDBACK' is disabled.
2024-09-21 20:20:25 0 [ERROR] Unknown/unsupported storage engine: InnoDB
2024-09-21 20:20:25 0 [ERROR] Aborting
2024-09-21 20:20:26 0 [Note] Starting MariaDB 10.4.32-MariaDB source revision c4143f909528e3fab0677a28631d10389354c491 as process 20224
2024-09-21 20:20:26 0 [Note] InnoDB: Mutexes and rw_locks use Windows interlocked functions
2024-09-21 20:20:26 0 [Note] InnoDB: Uses event mutexes
2024-09-21 20:20:26 0 [Note] InnoDB: Compressed tables use zlib 1.3
2024-09-21 20:20:26 0 [Note] InnoDB: Number of pools: 1
2024-09-21 20:20:26 0 [Note] InnoDB: Using SSE2 crc32 instructions
2024-09-21 20:20:26 0 [Note] InnoDB: Initializing buffer pool, total size = 16M, instances = 1, chunk size = 16M
2024-09-21 20:20:26 0 [Note] InnoDB: Completed initialization of buffer pool
2024-09-21 20:20:26 0 [Note] InnoDB: Starting crash recovery from checkpoint LSN=335152
2024-09-21 20:20:26 0 [ERROR] InnoDB: Tablespace 28 was not found at .\chapter3\users.ibd.
2024-09-21 20:20:26 0 [ERROR] InnoDB: Set innodb_force_recovery=1 to ignore this and to permanently lose all changes to the tablespace.
2024-09-21 20:20:26 0 [ERROR] InnoDB: Plugin initialization aborted with error Tablespace not found
2024-09-21 20:20:26 0 [Note] InnoDB: Starting shutdown...
2024-09-21 20:20:27 0 [ERROR] Plugin 'InnoDB' registration as a STORAGE ENGINE failed.
2024-09-21 20:20:27 0 [Note] Plugin 'FEEDBACK' is disabled.
2024-09-21 20:20:27 0 [ERROR] Unknown/unsupported storage engine: InnoDB
2024-09-21 20:20:27 0 [ERROR] Aborting
2024-09-21 20:20:27 0 [Note] Starting MariaDB 10.4.32-MariaDB source revision c4143f909528e3fab0677a28631d10389354c491 as process 27108
2024-09-21 20:20:27 0 [Note] InnoDB: Mutexes and rw_locks use Windows interlocked functions
2024-09-21 20:20:27 0 [Note] InnoDB: Uses event mutexes
2024-09-21 20:20:27 0 [Note] InnoDB: Compressed tables use zlib 1.3
2024-09-21 20:20:27 0 [Note] InnoDB: Number of pools: 1
2024-09-21 20:20:27 0 [Note] InnoDB: Using SSE2 crc32 instructions
2024-09-21 20:20:27 0 [Note] InnoDB: Initializing buffer pool, total size = 16M, instances = 1, chunk size = 16M
2024-09-21 20:20:27 0 [Note] InnoDB: Completed initialization of buffer pool
2024-09-21 20:20:27 0 [Note] InnoDB: Starting crash recovery from checkpoint LSN=335152
2024-09-21 20:20:27 0 [ERROR] InnoDB: Tablespace 28 was not found at .\chapter3\users.ibd.
2024-09-21 20:20:27 0 [ERROR] InnoDB: Set innodb_force_recovery=1 to ignore this and to permanently lose all changes to the tablespace.
2024-09-21 20:20:27 0 [ERROR] InnoDB: Plugin initialization aborted with error Tablespace not found
2024-09-21 20:20:28 0 [Note] InnoDB: Starting shutdown...
2024-09-21 20:20:28 0 [ERROR] Plugin 'InnoDB' registration as a STORAGE ENGINE failed.
2024-09-21 20:20:28 0 [Note] Plugin 'FEEDBACK' is disabled.
2024-09-21 20:20:28 0 [ERROR] Unknown/unsupported storage engine: InnoDB
2024-09-21 20:20:28 0 [ERROR] Aborting
